<?xml version="1.0" encoding="UTF-8"?>
<!-- Generated by org.testng.reporters.JUnitReportReporter -->
<testsuite hostname="DESKTOP-NH3HAU6" failures="0" tests="1" name="testCases.TC123" time="1.278" errors="0" timestamp="2022-09-15T19:24:56 GMT+05:30" skipped="0">
  <testcase classname="testCases.TC123" name="mouseover_method" time="1.278"/>
  <system-out/>
</testsuite> <!-- testCases.TC123 -->
